c:\users\pablo\desktop\uni\asignaturas\master\malw\lab\lab1\windoskmd\lab1_rootkitkmd\lab1_rootkitkmd\x64\debug\vc142.pdb
c:\users\pablo\desktop\uni\asignaturas\master\malw\lab\lab1\windoskmd\lab1_rootkitkmd\lab1_rootkitkmd\x64\debug\rootkit.obj
c:\users\pablo\desktop\uni\asignaturas\master\malw\lab\lab1\windoskmd\lab1_rootkitkmd\lab1_rootkitkmd\x64\debug\driver.obj
c:\users\pablo\desktop\uni\asignaturas\master\malw\lab\lab1\windoskmd\lab1_rootkitkmd\x64\debug\lab1_rootkitkmd.sys
c:\users\pablo\desktop\uni\asignaturas\master\malw\lab\lab1\windoskmd\lab1_rootkitkmd\x64\debug\lab1_rootkitkmd.pdb
c:\users\pablo\desktop\uni\asignaturas\master\malw\lab\lab1\windoskmd\lab1_rootkitkmd\lab1_rootkitkmd\x64\debug\lab1_rootkitkmd.inf
c:\users\pablo\desktop\uni\asignaturas\master\malw\lab\lab1\windoskmd\lab1_rootkitkmd\x64\debug\lab1_rootkitkmd.inf
c:\users\pablo\desktop\uni\asignaturas\master\malw\lab\lab1\windoskmd\lab1_rootkitkmd\lab1_rootkitkmd\x64\debug\lab1_rootkitkmd.tlog\cl.command.1.tlog
c:\users\pablo\desktop\uni\asignaturas\master\malw\lab\lab1\windoskmd\lab1_rootkitkmd\lab1_rootkitkmd\x64\debug\lab1_rootkitkmd.tlog\cl.read.1.tlog
c:\users\pablo\desktop\uni\asignaturas\master\malw\lab\lab1\windoskmd\lab1_rootkitkmd\lab1_rootkitkmd\x64\debug\lab1_rootkitkmd.tlog\cl.write.1.tlog
c:\users\pablo\desktop\uni\asignaturas\master\malw\lab\lab1\windoskmd\lab1_rootkitkmd\lab1_rootkitkmd\x64\debug\lab1_rootkitkmd.tlog\inf2cat-expand.10028.read.1.tlog
c:\users\pablo\desktop\uni\asignaturas\master\malw\lab\lab1\windoskmd\lab1_rootkitkmd\lab1_rootkitkmd\x64\debug\lab1_rootkitkmd.tlog\inf2cat-expand.10028.write.1.tlog
c:\users\pablo\desktop\uni\asignaturas\master\malw\lab\lab1\windoskmd\lab1_rootkitkmd\lab1_rootkitkmd\x64\debug\lab1_rootkitkmd.tlog\inf2cat-expand.10548.read.1.tlog
c:\users\pablo\desktop\uni\asignaturas\master\malw\lab\lab1\windoskmd\lab1_rootkitkmd\lab1_rootkitkmd\x64\debug\lab1_rootkitkmd.tlog\inf2cat-expand.10548.write.1.tlog
c:\users\pablo\desktop\uni\asignaturas\master\malw\lab\lab1\windoskmd\lab1_rootkitkmd\lab1_rootkitkmd\x64\debug\lab1_rootkitkmd.tlog\inf2cat-expand.10740.read.1.tlog
c:\users\pablo\desktop\uni\asignaturas\master\malw\lab\lab1\windoskmd\lab1_rootkitkmd\lab1_rootkitkmd\x64\debug\lab1_rootkitkmd.tlog\inf2cat-expand.10740.write.1.tlog
c:\users\pablo\desktop\uni\asignaturas\master\malw\lab\lab1\windoskmd\lab1_rootkitkmd\lab1_rootkitkmd\x64\debug\lab1_rootkitkmd.tlog\inf2cat-expand.10960.read.1.tlog
c:\users\pablo\desktop\uni\asignaturas\master\malw\lab\lab1\windoskmd\lab1_rootkitkmd\lab1_rootkitkmd\x64\debug\lab1_rootkitkmd.tlog\inf2cat-expand.10960.write.1.tlog
c:\users\pablo\desktop\uni\asignaturas\master\malw\lab\lab1\windoskmd\lab1_rootkitkmd\lab1_rootkitkmd\x64\debug\lab1_rootkitkmd.tlog\inf2cat-expand.11476.read.1.tlog
c:\users\pablo\desktop\uni\asignaturas\master\malw\lab\lab1\windoskmd\lab1_rootkitkmd\lab1_rootkitkmd\x64\debug\lab1_rootkitkmd.tlog\inf2cat-expand.11476.write.1.tlog
c:\users\pablo\desktop\uni\asignaturas\master\malw\lab\lab1\windoskmd\lab1_rootkitkmd\lab1_rootkitkmd\x64\debug\lab1_rootkitkmd.tlog\inf2cat-expand.11896.read.1.tlog
c:\users\pablo\desktop\uni\asignaturas\master\malw\lab\lab1\windoskmd\lab1_rootkitkmd\lab1_rootkitkmd\x64\debug\lab1_rootkitkmd.tlog\inf2cat-expand.11896.write.1.tlog
c:\users\pablo\desktop\uni\asignaturas\master\malw\lab\lab1\windoskmd\lab1_rootkitkmd\lab1_rootkitkmd\x64\debug\lab1_rootkitkmd.tlog\inf2cat-expand.12512.read.1.tlog
c:\users\pablo\desktop\uni\asignaturas\master\malw\lab\lab1\windoskmd\lab1_rootkitkmd\lab1_rootkitkmd\x64\debug\lab1_rootkitkmd.tlog\inf2cat-expand.12512.write.1.tlog
c:\users\pablo\desktop\uni\asignaturas\master\malw\lab\lab1\windoskmd\lab1_rootkitkmd\lab1_rootkitkmd\x64\debug\lab1_rootkitkmd.tlog\inf2cat-expand.13644.read.1.tlog
c:\users\pablo\desktop\uni\asignaturas\master\malw\lab\lab1\windoskmd\lab1_rootkitkmd\lab1_rootkitkmd\x64\debug\lab1_rootkitkmd.tlog\inf2cat-expand.13644.write.1.tlog
c:\users\pablo\desktop\uni\asignaturas\master\malw\lab\lab1\windoskmd\lab1_rootkitkmd\lab1_rootkitkmd\x64\debug\lab1_rootkitkmd.tlog\inf2cat-expand.14000.read.1.tlog
c:\users\pablo\desktop\uni\asignaturas\master\malw\lab\lab1\windoskmd\lab1_rootkitkmd\lab1_rootkitkmd\x64\debug\lab1_rootkitkmd.tlog\inf2cat-expand.14000.write.1.tlog
c:\users\pablo\desktop\uni\asignaturas\master\malw\lab\lab1\windoskmd\lab1_rootkitkmd\lab1_rootkitkmd\x64\debug\lab1_rootkitkmd.tlog\inf2cat-expand.14140.read.1.tlog
c:\users\pablo\desktop\uni\asignaturas\master\malw\lab\lab1\windoskmd\lab1_rootkitkmd\lab1_rootkitkmd\x64\debug\lab1_rootkitkmd.tlog\inf2cat-expand.14140.write.1.tlog
c:\users\pablo\desktop\uni\asignaturas\master\malw\lab\lab1\windoskmd\lab1_rootkitkmd\lab1_rootkitkmd\x64\debug\lab1_rootkitkmd.tlog\inf2cat-expand.14268.read.1.tlog
c:\users\pablo\desktop\uni\asignaturas\master\malw\lab\lab1\windoskmd\lab1_rootkitkmd\lab1_rootkitkmd\x64\debug\lab1_rootkitkmd.tlog\inf2cat-expand.14268.write.1.tlog
c:\users\pablo\desktop\uni\asignaturas\master\malw\lab\lab1\windoskmd\lab1_rootkitkmd\lab1_rootkitkmd\x64\debug\lab1_rootkitkmd.tlog\inf2cat-expand.1528.read.1.tlog
c:\users\pablo\desktop\uni\asignaturas\master\malw\lab\lab1\windoskmd\lab1_rootkitkmd\lab1_rootkitkmd\x64\debug\lab1_rootkitkmd.tlog\inf2cat-expand.1528.write.1.tlog
c:\users\pablo\desktop\uni\asignaturas\master\malw\lab\lab1\windoskmd\lab1_rootkitkmd\lab1_rootkitkmd\x64\debug\lab1_rootkitkmd.tlog\inf2cat-expand.1548.read.1.tlog
c:\users\pablo\desktop\uni\asignaturas\master\malw\lab\lab1\windoskmd\lab1_rootkitkmd\lab1_rootkitkmd\x64\debug\lab1_rootkitkmd.tlog\inf2cat-expand.1548.write.1.tlog
c:\users\pablo\desktop\uni\asignaturas\master\malw\lab\lab1\windoskmd\lab1_rootkitkmd\lab1_rootkitkmd\x64\debug\lab1_rootkitkmd.tlog\inf2cat-expand.2056.read.1.tlog
c:\users\pablo\desktop\uni\asignaturas\master\malw\lab\lab1\windoskmd\lab1_rootkitkmd\lab1_rootkitkmd\x64\debug\lab1_rootkitkmd.tlog\inf2cat-expand.2056.write.1.tlog
c:\users\pablo\desktop\uni\asignaturas\master\malw\lab\lab1\windoskmd\lab1_rootkitkmd\lab1_rootkitkmd\x64\debug\lab1_rootkitkmd.tlog\inf2cat-expand.2116.read.1.tlog
c:\users\pablo\desktop\uni\asignaturas\master\malw\lab\lab1\windoskmd\lab1_rootkitkmd\lab1_rootkitkmd\x64\debug\lab1_rootkitkmd.tlog\inf2cat-expand.2116.write.1.tlog
c:\users\pablo\desktop\uni\asignaturas\master\malw\lab\lab1\windoskmd\lab1_rootkitkmd\lab1_rootkitkmd\x64\debug\lab1_rootkitkmd.tlog\inf2cat-expand.2384.read.1.tlog
c:\users\pablo\desktop\uni\asignaturas\master\malw\lab\lab1\windoskmd\lab1_rootkitkmd\lab1_rootkitkmd\x64\debug\lab1_rootkitkmd.tlog\inf2cat-expand.2384.write.1.tlog
c:\users\pablo\desktop\uni\asignaturas\master\malw\lab\lab1\windoskmd\lab1_rootkitkmd\lab1_rootkitkmd\x64\debug\lab1_rootkitkmd.tlog\inf2cat-expand.3536.read.1.tlog
c:\users\pablo\desktop\uni\asignaturas\master\malw\lab\lab1\windoskmd\lab1_rootkitkmd\lab1_rootkitkmd\x64\debug\lab1_rootkitkmd.tlog\inf2cat-expand.3536.write.1.tlog
c:\users\pablo\desktop\uni\asignaturas\master\malw\lab\lab1\windoskmd\lab1_rootkitkmd\lab1_rootkitkmd\x64\debug\lab1_rootkitkmd.tlog\inf2cat-expand.4108.read.1.tlog
c:\users\pablo\desktop\uni\asignaturas\master\malw\lab\lab1\windoskmd\lab1_rootkitkmd\lab1_rootkitkmd\x64\debug\lab1_rootkitkmd.tlog\inf2cat-expand.4108.write.1.tlog
c:\users\pablo\desktop\uni\asignaturas\master\malw\lab\lab1\windoskmd\lab1_rootkitkmd\lab1_rootkitkmd\x64\debug\lab1_rootkitkmd.tlog\inf2cat-expand.4768.read.1.tlog
c:\users\pablo\desktop\uni\asignaturas\master\malw\lab\lab1\windoskmd\lab1_rootkitkmd\lab1_rootkitkmd\x64\debug\lab1_rootkitkmd.tlog\inf2cat-expand.4768.write.1.tlog
c:\users\pablo\desktop\uni\asignaturas\master\malw\lab\lab1\windoskmd\lab1_rootkitkmd\lab1_rootkitkmd\x64\debug\lab1_rootkitkmd.tlog\inf2cat-expand.4780.read.1.tlog
c:\users\pablo\desktop\uni\asignaturas\master\malw\lab\lab1\windoskmd\lab1_rootkitkmd\lab1_rootkitkmd\x64\debug\lab1_rootkitkmd.tlog\inf2cat-expand.4780.write.1.tlog
c:\users\pablo\desktop\uni\asignaturas\master\malw\lab\lab1\windoskmd\lab1_rootkitkmd\lab1_rootkitkmd\x64\debug\lab1_rootkitkmd.tlog\inf2cat-expand.5584.read.1.tlog
c:\users\pablo\desktop\uni\asignaturas\master\malw\lab\lab1\windoskmd\lab1_rootkitkmd\lab1_rootkitkmd\x64\debug\lab1_rootkitkmd.tlog\inf2cat-expand.5584.write.1.tlog
c:\users\pablo\desktop\uni\asignaturas\master\malw\lab\lab1\windoskmd\lab1_rootkitkmd\lab1_rootkitkmd\x64\debug\lab1_rootkitkmd.tlog\inf2cat-expand.712.read.1.tlog
c:\users\pablo\desktop\uni\asignaturas\master\malw\lab\lab1\windoskmd\lab1_rootkitkmd\lab1_rootkitkmd\x64\debug\lab1_rootkitkmd.tlog\inf2cat-expand.712.write.1.tlog
c:\users\pablo\desktop\uni\asignaturas\master\malw\lab\lab1\windoskmd\lab1_rootkitkmd\lab1_rootkitkmd\x64\debug\lab1_rootkitkmd.tlog\inf2cat-expand.7920.read.1.tlog
c:\users\pablo\desktop\uni\asignaturas\master\malw\lab\lab1\windoskmd\lab1_rootkitkmd\lab1_rootkitkmd\x64\debug\lab1_rootkitkmd.tlog\inf2cat-expand.7920.write.1.tlog
c:\users\pablo\desktop\uni\asignaturas\master\malw\lab\lab1\windoskmd\lab1_rootkitkmd\lab1_rootkitkmd\x64\debug\lab1_rootkitkmd.tlog\inf2cat-expand.7964.read.1.tlog
c:\users\pablo\desktop\uni\asignaturas\master\malw\lab\lab1\windoskmd\lab1_rootkitkmd\lab1_rootkitkmd\x64\debug\lab1_rootkitkmd.tlog\inf2cat-expand.7964.write.1.tlog
c:\users\pablo\desktop\uni\asignaturas\master\malw\lab\lab1\windoskmd\lab1_rootkitkmd\lab1_rootkitkmd\x64\debug\lab1_rootkitkmd.tlog\inf2cat-expand.9888.read.1.tlog
c:\users\pablo\desktop\uni\asignaturas\master\malw\lab\lab1\windoskmd\lab1_rootkitkmd\lab1_rootkitkmd\x64\debug\lab1_rootkitkmd.tlog\inf2cat-expand.9888.write.1.tlog
c:\users\pablo\desktop\uni\asignaturas\master\malw\lab\lab1\windoskmd\lab1_rootkitkmd\lab1_rootkitkmd\x64\debug\lab1_rootkitkmd.tlog\inf2cat-expand.read.1.tlog
c:\users\pablo\desktop\uni\asignaturas\master\malw\lab\lab1\windoskmd\lab1_rootkitkmd\lab1_rootkitkmd\x64\debug\lab1_rootkitkmd.tlog\inf2cat-expand.write.1.tlog
c:\users\pablo\desktop\uni\asignaturas\master\malw\lab\lab1\windoskmd\lab1_rootkitkmd\lab1_rootkitkmd\x64\debug\lab1_rootkitkmd.tlog\inf2cat.command.1.tlog
c:\users\pablo\desktop\uni\asignaturas\master\malw\lab\lab1\windoskmd\lab1_rootkitkmd\lab1_rootkitkmd\x64\debug\lab1_rootkitkmd.tlog\inf2cat.read.1.tlog
c:\users\pablo\desktop\uni\asignaturas\master\malw\lab\lab1\windoskmd\lab1_rootkitkmd\lab1_rootkitkmd\x64\debug\lab1_rootkitkmd.tlog\inf2cat.write.1.tlog
c:\users\pablo\desktop\uni\asignaturas\master\malw\lab\lab1\windoskmd\lab1_rootkitkmd\lab1_rootkitkmd\x64\debug\lab1_rootkitkmd.tlog\link.command.1.tlog
c:\users\pablo\desktop\uni\asignaturas\master\malw\lab\lab1\windoskmd\lab1_rootkitkmd\lab1_rootkitkmd\x64\debug\lab1_rootkitkmd.tlog\link.read.1.tlog
c:\users\pablo\desktop\uni\asignaturas\master\malw\lab\lab1\windoskmd\lab1_rootkitkmd\lab1_rootkitkmd\x64\debug\lab1_rootkitkmd.tlog\link.write.1.tlog
c:\users\pablo\desktop\uni\asignaturas\master\malw\lab\lab1\windoskmd\lab1_rootkitkmd\lab1_rootkitkmd\x64\debug\lab1_rootkitkmd.tlog\stampinf.command.1.tlog
c:\users\pablo\desktop\uni\asignaturas\master\malw\lab\lab1\windoskmd\lab1_rootkitkmd\lab1_rootkitkmd\x64\debug\lab1_rootkitkmd.tlog\stampinf.read.1.tlog
c:\users\pablo\desktop\uni\asignaturas\master\malw\lab\lab1\windoskmd\lab1_rootkitkmd\lab1_rootkitkmd\x64\debug\lab1_rootkitkmd.tlog\stampinf.write.1.tlog
